<?xml version="1.0" encoding="UTF-8"?>
<!-- Generated by org.testng.reporters.JUnitReportReporter -->
<testsuite hostname="DESKTOP-E83J03S" failures="0" tests="1" name="electronics.TC_DWS_020_Test" time="3.802" errors="0" timestamp="2025-06-27T14:00:18 IST" skipped="0">
  <testcase classname="electronics.TC_DWS_020_Test" name="clickOnElectronics" time="3.802"/>
</testsuite> <!-- electronics.TC_DWS_020_Test -->
