<?xml version="1.0" encoding="UTF-8"?>
<!-- Generated by org.testng.reporters.JUnitReportReporter -->
<testsuite hostname="DESKTOP-E83J03S" failures="0" tests="1" name="computers.TC_DWS_011_Test" time="2.601" errors="0" timestamp="2025-06-28T09:38:15 IST" skipped="0">
  <testcase classname="computers.TC_DWS_011_Test" name="clickOndesktop" time="2.601"/>
</testsuite> <!-- computers.TC_DWS_011_Test -->
