<?xml version="1.0" encoding="UTF-8"?>
<!-- Generated by org.testng.reporters.JUnitReportReporter -->
<testsuite hostname="DESKTOP-E83J03S" failures="0" tests="1" name="computers.TC_DWS_010_Test" time="3.335" errors="0" timestamp="2025-06-27T13:56:36 IST" skipped="0">
  <testcase classname="computers.TC_DWS_010_Test" name="clickOnComputers" time="3.335"/>
</testsuite> <!-- computers.TC_DWS_010_Test -->
