<?xml version="1.0" encoding="UTF-8"?>
<!-- Generated by org.testng.reporters.JUnitReportReporter -->
<testsuite hostname="DESKTOP-E83J03S" failures="0" tests="1" name="apperalandshpe.TC_DWS_030_Test" time="3.501" errors="0" timestamp="2025-06-28T10:46:07 IST" skipped="0">
  <testcase classname="apperalandshpe.TC_DWS_030_Test" name="clickonApperalAndShoe" time="3.501"/>
</testsuite> <!-- apperalandshpe.TC_DWS_030_Test -->
